<?xml version="1.0" encoding="UTF-8"?>
<testng-results skipped="0" failed="1" ignored="0" total="3" passed="2">
  <reporter-output>
  </reporter-output>
  <suite name="Staples Test Groups" duration-ms="24077" started-at="2020-09-17T04:48:32Z" finished-at="2020-09-17T04:48:56Z">
    <groups>
    </groups>
    <test name="grouping" duration-ms="24077" started-at="2020-09-17T04:48:32Z" finished-at="2020-09-17T04:48:56Z">
      <class name="com.staples.qa.tests.HomePageTest">
        <test-method status="PASS" signature="setUp()[pri:0, instance:com.staples.qa.tests.HomePageTest@16293aa2]" name="setUp" is-config="true" duration-ms="4927" started-at="2020-09-17T04:48:32Z" finished-at="2020-09-17T04:48:37Z">
          <reporter-output>
          </reporter-output>
        </test-method> <!-- setUp -->
        <test-method status="PASS" signature="testSearchField()[pri:0, instance:com.staples.qa.tests.HomePageTest@16293aa2]" name="testSearchField" duration-ms="423" started-at="2020-09-17T04:48:37Z" finished-at="2020-09-17T04:48:37Z">
          <reporter-output>
          </reporter-output>
        </test-method> <!-- testSearchField -->
        <test-method status="FAIL" signature="verifyHomePageAppLogo()[pri:0, instance:com.staples.qa.tests.HomePageTest@16293aa2]" name="verifyHomePageAppLogo" duration-ms="17301" started-at="2020-09-17T04:48:38Z" finished-at="2020-09-17T04:48:55Z">
          <exception class="java.lang.AssertionError">
            <message>
              <![CDATA[Application logo is not present... expected [true] but found [false]]]>
            </message>
            <full-stacktrace>
              <![CDATA[java.lang.AssertionError: Application logo is not present... expected [true] but found [false]
at org.testng.Assert.fail(Assert.java:96)
at org.testng.Assert.failNotEquals(Assert.java:776)
at org.testng.Assert.assertTrue(Assert.java:44)
at com.staples.qa.tests.HomePageTest.verifyHomePageAppLogo(HomePageTest.java:33)
at sun.reflect.NativeMethodAccessorImpl.invoke0(Native Method)
at sun.reflect.NativeMethodAccessorImpl.invoke(NativeMethodAccessorImpl.java:62)
at sun.reflect.DelegatingMethodAccessorImpl.invoke(DelegatingMethodAccessorImpl.java:43)
at java.lang.reflect.Method.invoke(Method.java:498)
at org.testng.internal.MethodInvocationHelper.invokeMethod(MethodInvocationHelper.java:124)
at org.testng.internal.Invoker.invokeMethod(Invoker.java:583)
at org.testng.internal.Invoker.invokeTestMethod(Invoker.java:719)
at org.testng.internal.Invoker.invokeTestMethods(Invoker.java:989)
at org.testng.internal.TestMethodWorker.invokeTestMethods(TestMethodWorker.java:125)
at org.testng.internal.TestMethodWorker.run(TestMethodWorker.java:109)
at org.testng.TestRunner.privateRun(TestRunner.java:648)
at org.testng.TestRunner.run(TestRunner.java:505)
at org.testng.SuiteRunner.runTest(SuiteRunner.java:455)
at org.testng.SuiteRunner.runSequentially(SuiteRunner.java:450)
at org.testng.SuiteRunner.privateRun(SuiteRunner.java:415)
at org.testng.SuiteRunner.run(SuiteRunner.java:364)
at org.testng.SuiteRunnerWorker.runSuite(SuiteRunnerWorker.java:52)
at org.testng.SuiteRunnerWorker.run(SuiteRunnerWorker.java:84)
at org.testng.TestNG.runSuitesSequentially(TestNG.java:1208)
at org.testng.TestNG.runSuitesLocally(TestNG.java:1137)
at org.testng.TestNG.runSuites(TestNG.java:1049)
at org.testng.TestNG.run(TestNG.java:1017)
at org.testng.remote.AbstractRemoteTestNG.run(AbstractRemoteTestNG.java:115)
at org.testng.remote.RemoteTestNG.initAndRun(RemoteTestNG.java:251)
at org.testng.remote.RemoteTestNG.main(RemoteTestNG.java:77)
]]>
            </full-stacktrace>
          </exception> <!-- java.lang.AssertionError -->
          <reporter-output>
          </reporter-output>
        </test-method> <!-- verifyHomePageAppLogo -->
        <test-method status="PASS" signature="verifyHomePageTitleTest()[pri:0, instance:com.staples.qa.tests.HomePageTest@16293aa2]" name="verifyHomePageTitleTest" duration-ms="22" started-at="2020-09-17T04:48:56Z" finished-at="2020-09-17T04:48:56Z">
          <reporter-output>
          </reporter-output>
        </test-method> <!-- verifyHomePageTitleTest -->
        <test-method status="PASS" signature="quitBrowser()[pri:0, instance:com.staples.qa.tests.HomePageTest@16293aa2]" name="quitBrowser" is-config="true" duration-ms="214" started-at="2020-09-17T04:48:56Z" finished-at="2020-09-17T04:48:56Z">
          <reporter-output>
          </reporter-output>
        </test-method> <!-- quitBrowser -->
      </class> <!-- com.staples.qa.tests.HomePageTest -->
    </test> <!-- grouping -->
  </suite> <!-- Staples Test Groups -->
</testng-results>
