<?xml version="1.0" encoding="UTF-8"?>
<!-- Generated by org.testng.reporters.JUnitXMLReporter -->
<testsuite hostname="Mohammads-Air" ignored="0" name="Staples sanity Test" tests="3" failures="1" timestamp="14 Sep 2020 18:53:17 GMT" time="25.658" errors="0">
  <testcase name="testSearchField" time="1.304" classname="com.staples.qa.tests.HomePageTest"/>
  <testcase name="verifyHomePageAppLogo" time="17.923" classname="com.staples.qa.tests.HomePageTest">
    <failure type="java.lang.AssertionError" message="Application logo is not present... expected [true] but found [false]">
      <![CDATA[java.lang.AssertionError: Application logo is not present... expected [true] but found [false]
at com.staples.qa.tests.HomePageTest.verifyHomePageAppLogo(HomePageTest.java:33)
... Removed 28 stack frames]]>
    </failure>
  </testcase> <!-- verifyHomePageAppLogo -->
  <testcase name="verifyHomePageTitleTest" time="0.046" classname="com.staples.qa.tests.HomePageTest"/>
</testsuite> <!-- Staples sanity Test -->
